(gdb) info reg
eax            0x0	0
ecx            0x0	0
edx            0x663	1635
ebx            0x0	0
esp            0x0	0x0
ebp            0x0	0x0
esi            0x0	0
edi            0x0	0
eip            0xfff0	0xfff0
eflags         0x2	[ ]
cs             0xf000	61440
ss             0x0	0
ds             0x0	0
es             0x0	0
fs             0x0	0
gs             0x0	0


(gdb) x/24x $esp
0x0:	0x00000000	0x00000000	0x00000000	0x00000000
0x10:	0x00000000	0x00000000	0x00000000	0x00000000
0x20:	0x00000000	0x00000000	0x00000000	0x00000000
0x30:	0x00000000	0x00000000	0x00000000	0x00000000
0x40:	0x00000000	0x00000000	0x00000000	0x00000000
0x50:	0x00000000	0x00000000	0x00000000	0x00000000



--------------------------------------

Breakpoint 1, 0x0010000c in ?? ()
(gdb) info reg
eax            0x0	0
ecx            0x0	0
edx            0x1f0	496
ebx            0x10074	65652
esp            0x7bcc	0x7bcc
ebp            0x7bf8	0x7bf8
esi            0x10074	65652
edi            0x0	0
eip            0x10000c	0x10000c
eflags         0x46	[ PF ZF ]
cs             0x8	8
ss             0x10	16
ds             0x10	16
es             0x10	16
fs             0x0	0
gs             0x0	0

(gdb) x/24x $esp
0x7bcc:	0x00007dbf	0x00000000	0x00000000	0x00000000
0x7bdc:	0x00000000	0x00000000	0x00000000	0x00000000
0x7bec:	0x00000000	0x00000000	0x00000000	0x00000000
0x7bfc:	0x00007c4d	0x8ec031fa	0x8ec08ed8	0xa864e4d0
0x7c0c:	0xb0fa7502	0xe464e6d1	0x7502a864	0xe6dfb0fa
0x7c1c:	0x16010f60	0x200f7c78	0xc88366c0	0xc0220f01

------------------------------------------------

Breakpoint 1, 0x00007c00 in ?? ()
(gdb) info reg
eax            0xaa55	43605
ecx            0x0	0
edx            0x80	128
ebx            0x0	0
esp            0x6f20	0x6f20
ebp            0x0	0x0
esi            0x0	0
edi            0x0	0
eip            0x7c00	0x7c00
eflags         0x202	[ IF ]
cs             0x0	0
ss             0x0	0
ds             0x0	0
es             0x0	0
fs             0x0	0
gs             0x0	0

(gdb) x/24x $esp
0x6f20:	0xf000d239	0x00000000	0x00006f62	0x00000000
0x6f30:	0x00008d0d	0x00008cd4	0x00000000	0x00000000
0x6f40:	0x00006ae5	0x00007c00	0x00007c00	0x00000080
0x6f50:	0x000f1c5d	0x000f3c9a	0x00000000	0x00007c00
0x6f60:	0x00000000	0x00000000	0x00000000	0x00000000
0x6f70:	0x00000000	0x00800000	0x00000000	0xaa550000

----------------------------------------------------------------


------------------------------------------------------------------


(gdb) si
=> 0x7c48:	call   0x7d36
0x00007c48 in ?? ()
(gdb) info reg
eax            0x0	0
ecx            0x0	0
edx            0x80	128
ebx            0x0	0
esp            0x7c00	0x7c00
ebp            0x0	0x0
esi            0x0	0
edi            0x0	0
eip            0x7c48	0x7c48
eflags         0x6	[ PF ]
cs             0x8	8
ss             0x10	16
ds             0x10	16
es             0x10	16
fs             0x0	0
gs             0x0	0
(gdb) b *0x7d36
Breakpoint 4 at 0x7d36
(gdb) c
Continuing.
=> 0x7d36:	push   %ebp

Breakpoint 4, 0x00007d36 in ?? ()
(gdb) info reg
eax            0x0	0
ecx            0x0	0
edx            0x80	128
ebx            0x0	0
esp            0x7bfc	0x7bfc
ebp            0x0	0x0
esi            0x0	0
edi            0x0	0
eip            0x7d36	0x7d36
eflags         0x6	[ PF ]
cs             0x8	8
ss             0x10	16
ds             0x10	16
es             0x10	16
fs             0x0	0
gs             0x0	0


